INFO [2021-02-17 07:10:48] $x
INFO [2021-02-17 07:10:48] list(naiveDA = resultsAll[, "DA_naive"], naiveGEO = resultsAll[, 
INFO [2021-02-17 07:10:48]     "GEO_naive"], cmiTCGA = resultsAll[, "TCGA_naive"])
INFO [2021-02-17 07:10:48] 
INFO [2021-02-17 07:10:48] $filename
INFO [2021-02-17 07:10:48] NULL
INFO [2021-02-17 07:10:48] 
INFO [2021-02-17 07:10:48] $lty
INFO [2021-02-17 07:10:48] [1] "blank"
INFO [2021-02-17 07:10:48] 
INFO [2021-02-17 07:10:48] $fill
INFO [2021-02-17 07:10:48] c("pink1", "skyblue", "mediumorchid")
INFO [2021-02-17 07:10:48] 
INFO [2021-02-17 07:10:48] $main
INFO [2021-02-17 07:10:48] [1] "Genes in common between the three -NAIVE selected- gene lists"
INFO [2021-02-17 07:10:48] 
INFO [2021-02-17 07:10:48] $x
INFO [2021-02-17 07:10:48] list(cmiDA = resultsAll[, "DA_CMI"], cmiGEO = resultsAll[, "GEO_CMI"], 
INFO [2021-02-17 07:10:48]     cmiTCGA = resultsAll[, "TCGA_CMI"])
INFO [2021-02-17 07:10:48] 
INFO [2021-02-17 07:10:48] $filename
INFO [2021-02-17 07:10:48] NULL
INFO [2021-02-17 07:10:48] 
INFO [2021-02-17 07:10:48] $lty
INFO [2021-02-17 07:10:48] [1] "blank"
INFO [2021-02-17 07:10:48] 
INFO [2021-02-17 07:10:48] $fill
INFO [2021-02-17 07:10:48] c("pink1", "skyblue", "mediumorchid")
INFO [2021-02-17 07:10:48] 
INFO [2021-02-17 07:10:48] $main
INFO [2021-02-17 07:10:48] [1] "Genes in common between the three -CMI selected- gene lists"
INFO [2021-02-17 07:10:48] 
INFO [2021-02-17 07:10:48] $x
INFO [2021-02-17 07:10:48] list(naiveDA = resultsAll[, "DA_naive"], cmiDA = resultsAll[, 
INFO [2021-02-17 07:10:48]     "DA_CMI"], heuristicDA = resultsAll[, "DA_heuristic"])
INFO [2021-02-17 07:10:48] 
INFO [2021-02-17 07:10:48] $filename
INFO [2021-02-17 07:10:48] NULL
INFO [2021-02-17 07:10:48] 
INFO [2021-02-17 07:10:48] $lty
INFO [2021-02-17 07:10:48] [1] "blank"
INFO [2021-02-17 07:10:48] 
INFO [2021-02-17 07:10:48] $fill
INFO [2021-02-17 07:10:48] c("pink1", "skyblue", "mediumorchid")
INFO [2021-02-17 07:10:48] 
INFO [2021-02-17 07:10:48] $main
INFO [2021-02-17 07:10:48] [1] "Genes in common between the three methods in DA dataset"
INFO [2021-02-17 07:10:48] 
