INFO [2021-02-18 03:23:14] $x
INFO [2021-02-18 03:23:14] list(naiveDA = resultsAll[, "DA_naive"], naiveGEO = resultsAll[, 
INFO [2021-02-18 03:23:14]     "GEO_naive"], cmiTCGA = resultsAll[, "TCGA_naive"])
INFO [2021-02-18 03:23:14] 
INFO [2021-02-18 03:23:14] $filename
INFO [2021-02-18 03:23:14] NULL
INFO [2021-02-18 03:23:14] 
INFO [2021-02-18 03:23:14] $lty
INFO [2021-02-18 03:23:14] [1] "blank"
INFO [2021-02-18 03:23:14] 
INFO [2021-02-18 03:23:14] $fill
INFO [2021-02-18 03:23:14] c("pink1", "skyblue", "mediumorchid")
INFO [2021-02-18 03:23:14] 
INFO [2021-02-18 03:23:14] $main
INFO [2021-02-18 03:23:14] [1] "Genes in common between the three -NAIVE selected- gene lists"
INFO [2021-02-18 03:23:14] 
INFO [2021-02-18 03:23:14] $x
INFO [2021-02-18 03:23:14] list(cmiDA = resultsAll[, "DA_CMI"], cmiGEO = resultsAll[, "GEO_CMI"], 
INFO [2021-02-18 03:23:14]     cmiTCGA = resultsAll[, "TCGA_CMI"])
INFO [2021-02-18 03:23:14] 
INFO [2021-02-18 03:23:14] $filename
INFO [2021-02-18 03:23:14] NULL
INFO [2021-02-18 03:23:14] 
INFO [2021-02-18 03:23:14] $lty
INFO [2021-02-18 03:23:14] [1] "blank"
INFO [2021-02-18 03:23:14] 
INFO [2021-02-18 03:23:14] $fill
INFO [2021-02-18 03:23:14] c("pink1", "skyblue", "mediumorchid")
INFO [2021-02-18 03:23:14] 
INFO [2021-02-18 03:23:14] $main
INFO [2021-02-18 03:23:14] [1] "Genes in common between the three -CMI selected- gene lists"
INFO [2021-02-18 03:23:14] 
INFO [2021-02-18 03:23:14] $x
INFO [2021-02-18 03:23:14] list(naiveDA = resultsAll[, "DA_naive"], cmiDA = resultsAll[, 
INFO [2021-02-18 03:23:14]     "DA_CMI"], heuristicDA = resultsAll[, "DA_heuristic"])
INFO [2021-02-18 03:23:14] 
INFO [2021-02-18 03:23:14] $filename
INFO [2021-02-18 03:23:14] NULL
INFO [2021-02-18 03:23:14] 
INFO [2021-02-18 03:23:14] $lty
INFO [2021-02-18 03:23:14] [1] "blank"
INFO [2021-02-18 03:23:14] 
INFO [2021-02-18 03:23:14] $fill
INFO [2021-02-18 03:23:14] c("pink1", "skyblue", "mediumorchid")
INFO [2021-02-18 03:23:14] 
INFO [2021-02-18 03:23:14] $main
INFO [2021-02-18 03:23:14] [1] "Genes in common between the three methods in DA dataset"
INFO [2021-02-18 03:23:14] 
